<?xml version="1.0" encoding="UTF-8"?>
<!-- Generated by org.testng.reporters.JUnitReportReporter -->
<testsuite hostname="idea-PC" failures="0" tests="5" name="com.Test.InvocationCountTest" time="0.012" errors="0" timestamp="21 Jul 2019 14:17:11 GMT" skipped="0">
  <testcase classname="com.Test.InvocationCountTest" name="sum" time="0.002"/>
  <testcase classname="com.Test.InvocationCountTest" name="sum" time="0.002"/>
  <testcase classname="com.Test.InvocationCountTest" name="sum" time="0.002"/>
  <testcase classname="com.Test.InvocationCountTest" name="sum" time="0.002"/>
  <testcase classname="com.Test.InvocationCountTest" name="sum" time="0.004"/>
</testsuite> <!-- com.Test.InvocationCountTest -->
