<?xml version="1.0" encoding="UTF-8"?>
<!-- Generated by org.testng.reporters.JUnitReportReporter -->
<testsuite hostname="idea-PC" failures="0" tests="1" name="com.Test.ExceptionTimeoutTest" time="0.008" errors="0" timestamp="21 Jul 2019 14:17:11 GMT" skipped="0">
  <testcase classname="com.Test.ExceptionTimeoutTest" name="test1" time="0.008"/>
</testsuite> <!-- com.Test.ExceptionTimeoutTest -->
