<?xml version="1.0" encoding="UTF-8"?>
<!-- Generated by org.testng.reporters.JUnitReportReporter -->
<testsuite hostname="idea-PC" failures="0" tests="6" name="com.Test.GoogleTest" time="62.971" errors="0" timestamp="21 Jul 2019 06:53:29 GMT" skipped="0">
  <testcase classname="com.Test.GoogleTest" name="googleTitleTest" time="7.601"/>
  <testcase classname="com.Test.GoogleTest" name="googleLogoTest" time="14.235"/>
  <testcase classname="com.Test.GoogleTest" name="gmailLink" time="11.649"/>
  <testcase classname="com.Test.GoogleTest" name="test1" time="10.828"/>
  <testcase classname="com.Test.GoogleTest" name="test2" time="9.364"/>
  <testcase classname="com.Test.GoogleTest" name="test3" time="9.294"/>
</testsuite> <!-- com.Test.GoogleTest -->
