<?xml version="1.0" encoding="UTF-8"?>
<!-- Generated by org.testng.reporters.JUnitReportReporter -->
<testsuite hostname="idea-PC" failures="0" tests="2" name="com.Test.GoogleTitleTest" time="29.003" errors="0" timestamp="21 Jul 2019 14:17:11 GMT" skipped="0">
  <testcase classname="com.Test.GoogleTitleTest" name="googleTitleTest" time="8.713"/>
  <testcase classname="com.Test.GoogleTitleTest" name="googleLogoTest" time="20.290"/>
</testsuite> <!-- com.Test.GoogleTitleTest -->
