<?xml version="1.0" encoding="UTF-8"?>
<!-- Generated by org.testng.reporters.JUnitReportReporter -->
<testsuite hostname="idea-PC" failures="0" tests="1" name="com.parameters.ParameterTest" time="41.930" errors="0" timestamp="22 Jul 2019 16:10:34 GMT" skipped="0">
  <testcase classname="com.parameters.ParameterTest" name="yahooLoginTest" time="41.930"/>
</testsuite> <!-- com.parameters.ParameterTest -->
