<?xml version="1.0" encoding="UTF-8"?>
<!-- Generated by org.testng.reporters.JUnitReportReporter -->
<testsuite hostname="idea-PC" failures="0" tests="1" name="com.Test.TestNGFeatures" time="0.006" errors="0" timestamp="21 Jul 2019 14:17:11 GMT" skipped="0">
  <testcase classname="com.Test.TestNGFeatures" name="loginTest" time="0.006"/>
</testsuite> <!-- com.Test.TestNGFeatures -->
