<?xml version="1.0" encoding="UTF-8"?>
<!-- Generated by org.testng.reporters.JUnitReportReporter -->
<testsuite hostname="idea-PC" failures="0" tests="2" name="com.Test.TestNGBasics" time="0.004" errors="0" timestamp="21 Jul 2019 14:17:11 GMT" skipped="0">
  <testcase classname="com.Test.TestNGBasics" name="googleTitle" time="0.002"/>
  <testcase classname="com.Test.TestNGBasics" name="SearchTest" time="0.002"/>
</testsuite> <!-- com.Test.TestNGBasics -->
